           1
          25
  
  0.7500000000000E+01   0.4902155014647E-20
  0.7778635090800E+01   0.4709594204165E-20
  0.8067621850110E+01   0.4450526585003E-20
  0.8367344856342E+01   0.4194127507165E-20
  0.8678202975515E+01   0.3944690588859E-20
  0.9000609892057E+01   0.3679481440072E-20
  0.9334994659327E+01   0.3367919154605E-20
  0.9681802270596E+01   0.3077858486386E-20
  0.1004149425123E+02   0.2792020181253E-20
  0.1041454927289E+02   0.2509978087628E-20
  0.1080146379053E+02   0.2240503607541E-20
  0.1120275270307E+02   0.2004241494906E-20
  0.1161895003862E+02   0.1804189004675E-20
  0.1205060966516E+02   0.1622805826972E-20
  0.1249830602759E+02   0.1452317150248E-20
  0.1296263491223E+02   0.1289848851094E-20
  0.1344421423967E+02   0.1142806345217E-20
  0.1394368488706E+02   0.1020744201214E-20
  0.1446171154100E+02   0.9138660105435E-21
  0.1499898358212E+02   0.8196189965748E-21
  0.1555621600242E+02   0.7366897288106E-21
  0.1613415035687E+02   0.6638148238999E-21
  0.1673355575016E+02   0.5977644763314E-21
  0.1735522986027E+02   0.5379515283619E-21
  0.1800000000000E+02   0.4838448310272E-21
