           1
         100
  
  0.7500000000000E+01   0.3863713063362E-21
  0.7566617508328E+01   0.3844053536446E-21
  0.7633826735645E+01   0.3824743710831E-21
  0.7701632937796E+01   0.3806361121144E-21
  0.7770041417312E+01   0.3791070095776E-21
  0.7839057523823E+01   0.3782795621697E-21
  0.7908686654473E+01   0.3775387790186E-21
  0.7978934254348E+01   0.3768764142126E-21
  0.8049805816900E+01   0.3762396462463E-21
  0.8121306884373E+01   0.3756807397653E-21
  0.8193443048240E+01   0.3753180258155E-21
  0.8266219949640E+01   0.3749728288017E-21
  0.8339643279818E+01   0.3746901978158E-21
  0.8413718780571E+01   0.3744704712075E-21
  0.8488452244695E+01   0.3742613250570E-21
  0.8563849516442E+01   0.3671849070762E-21
  0.8639916491973E+01   0.3583047703193E-21
  0.8716659119821E+01   0.3494635167984E-21
  0.8794083401355E+01   0.3407027620347E-21
  0.8872195391252E+01   0.3320328251263E-21
  0.8951001197967E+01   0.3322525620975E-21
  0.9030506984213E+01   0.3396706870013E-21
  0.9110718967443E+01   0.3470910763684E-21
  0.9191643420335E+01   0.3544602816586E-21
  0.9273286671282E+01   0.3618075062978E-21
  0.9355655104889E+01   0.3713472042357E-21
  0.9438755162471E+01   0.3855137140262E-21
  0.9522593342556E+01   0.3995882163297E-21
  0.9607176201396E+01   0.4135816838429E-21
  0.9692510353477E+01   0.4274400313350E-21
  0.9778602472036E+01   0.4400977991265E-21
  0.9865459289585E+01   0.4408949709354E-21
  0.9953087598436E+01   0.4416542072210E-21
  0.1004149425123E+02   0.4423991341642E-21
  0.1013068616149E+02   0.4431493872086E-21
  0.1022067030412E+02   0.4438568628860E-21
  0.1031145371600E+02   0.4353994046403E-21
  0.1040304349650E+02   0.4254331766351E-21
  0.1049544680807E+02   0.4155294839589E-21
  0.1058867087676E+02   0.4057104644475E-21
  0.1068272299280E+02   0.3960023994820E-21
  0.1077761051119E+02   0.3878071122003E-21
  0.1087334085226E+02   0.3805752111557E-21
  0.1096992150223E+02   0.3734299803686E-21
  0.1106736001383E+02   0.3663280717900E-21
  0.1116566400688E+02   0.3592867667295E-21
  0.1126484116888E+02   0.3569749052981E-21
  0.1136489925560E+02   0.3620874620498E-21
  0.1146584609170E+02   0.3671090711456E-21
  0.1156768957137E+02   0.3720658950234E-21
  0.1167043765888E+02   0.3769134904384E-21
  0.1177409838928E+02   0.3796948653243E-21
  0.1187867986894E+02   0.3712662012327E-21
  0.1198419027629E+02   0.3629050028684E-21
  0.1209063786236E+02   0.3546235352585E-21
  0.1219803095149E+02   0.3464527031728E-21
  0.1230637794196E+02   0.3383525755293E-21
  0.1241568730663E+02   0.3328259607452E-21
  0.1252596759363E+02   0.3276060923187E-21
  0.1263722742703E+02   0.3224208105026E-21
  0.1274947550748E+02   0.3172789834263E-21
  0.1286272061292E+02   0.3122115403271E-21
  0.1297697159926E+02   0.3182352415014E-21
  0.1309223740107E+02   0.3292465923214E-21
  0.1320852703228E+02   0.3400648374153E-21
  0.1332584958689E+02   0.3506505177262E-21
  0.1344421423967E+02   0.3610080502448E-21
  0.1356363024688E+02   0.3647833179244E-21
  0.1368410694701E+02   0.3606235113189E-21
  0.1380565376147E+02   0.3564822455990E-21
  0.1392828019540E+02   0.3523912558050E-21
  0.1405199583832E+02   0.3483146485697E-21
  0.1417681036495E+02   0.3407399800745E-21
  0.1430273353596E+02   0.3204659382193E-21
  0.1442977519869E+02   0.3005020758102E-21
  0.1455794528795E+02   0.2808530120769E-21
  0.1468725382681E+02   0.2615513552398E-21
  0.1481771092736E+02   0.2425632110440E-21
  0.1494932679151E+02   0.2367369449681E-21
  0.1508211171178E+02   0.2312739799856E-21
  0.1521607607212E+02   0.2258761448720E-21
  0.1535123034871E+02   0.2205450013352E-21
  0.1548758511079E+02   0.2153119751615E-21
  0.1562515102147E+02   0.2125197207265E-21
  0.1576393883858E+02   0.2105435695378E-21
  0.1590395941549E+02   0.2085993096553E-21
  0.1604522370200E+02   0.2066550864336E-21
  0.1618774274515E+02   0.2047113045771E-21
  0.1633152769010E+02   0.2035926749077E-21
  0.1647658978102E+02   0.2032038712371E-21
  0.1662294036195E+02   0.2027810025783E-21
  0.1677059087768E+02   0.2023531916477E-21
  0.1691955287467E+02   0.2018923418606E-21
  0.1706983800195E+02   0.2043329168311E-21
  0.1722145801198E+02   0.2142119150527E-21
  0.1737442476165E+02   0.2238212507365E-21
  0.1752875021315E+02   0.2331616244615E-21
  0.1768444643492E+02   0.2422600260560E-21
  0.1784152560261E+02   0.2506336300108E-21
  0.1800000000000E+02   0.2490445003242E-21
