           1
          50
  
  0.7500000000000E+01   0.4318307126150E-21
  0.7635204550477E+01   0.4236421711312E-21
  0.7772846470350E+01   0.4157920633791E-21
  0.7912969698744E+01   0.4082692924740E-21
  0.8055618966885E+01   0.4010291369323E-21
  0.8200839812382E+01   0.3941207332275E-21
  0.8348678593765E+01   0.3874629453088E-21
  0.8499182505278E+01   0.3810443422725E-21
  0.8652399591951E+01   0.3748607364811E-21
  0.8808378764935E+01   0.3688528313451E-21
  0.8967169817114E+01   0.3629879528132E-21
  0.9128823439004E+01   0.3572375130638E-21
  0.9293391234931E+01   0.3516300018403E-21
  0.9460925739508E+01   0.3460066808014E-21
  0.9631480434402E+01   0.3405088062540E-21
  0.9805109765411E+01   0.3350856985578E-21
  0.9981869159839E+01   0.3296278492202E-21
  0.1016181504420E+02   0.3243169685318E-21
  0.1034500486221E+02   0.3199112415111E-21
  0.1053149709315E+02   0.3161414323810E-21
  0.1072135127053E+02   0.3124893981925E-21
  0.1091462800107E+02   0.3092392978550E-21
  0.1111138898407E+02   0.3060548517788E-21
  0.1131169703110E+02   0.3021108330860E-21
  0.1151561608607E+02   0.2970610223589E-21
  0.1172321124558E+02   0.2920772830545E-21
  0.1193454877980E+02   0.2894476797955E-21
  0.1214969615352E+02   0.2872829660067E-21
  0.1236872204777E+02   0.2853472047963E-21
  0.1259169638170E+02   0.2841253825265E-21
  0.1281869033490E+02   0.2828679805567E-21
  0.1304977637016E+02   0.2812194481855E-21
  0.1328502825655E+02   0.2793749281425E-21
  0.1352452109302E+02   0.2773647449289E-21
  0.1376833133233E+02   0.2733966385519E-21
  0.1401653680547E+02   0.2694642274617E-21
  0.1426921674654E+02   0.2664091241108E-21
  0.1452645181799E+02   0.2643128183373E-21
  0.1478832413640E+02   0.2621930150134E-21
  0.1505491729869E+02   0.2595410761928E-21
  0.1532631640881E+02   0.2567874554203E-21
  0.1560260810488E+02   0.2535152166888E-21
  0.1588388058689E+02   0.2489907202133E-21
  0.1617022364483E+02   0.2444880782419E-21
  0.1646172868737E+02   0.2357215462017E-21
  0.1675848877100E+02   0.2253010682359E-21
  0.1706059862980E+02   0.2152848406466E-21
  0.1736815470561E+02   0.2067865575596E-21
  0.1768125517889E+02   0.1984862090874E-21
  0.1800000000000E+02   0.1927042468342E-21
