           1
          50
  
  0.7500000000000E+01   0.6399655369208E-21
  0.7635204550477E+01   0.6603078733353E-21
  0.7772846470350E+01   0.6888673321778E-21
  0.7912969698744E+01   0.7215394915954E-21
  0.8055618966885E+01   0.8101837192052E-21
  0.8200839812382E+01   0.1058511165684E-20
  0.8348678593765E+01   0.1667447959475E-20
  0.8499182505278E+01   0.2672772502073E-20
  0.8652399591951E+01   0.3958997861737E-20
  0.8808378764935E+01   0.5563334191385E-20
  0.8967169817114E+01   0.7633330541208E-20
  0.9128823439004E+01   0.9943662487072E-20
  0.9293391234931E+01   0.1210077756264E-19
  0.9460925739508E+01   0.1378157315240E-19
  0.9631480434402E+01   0.1475519598371E-19
  0.9805109765411E+01   0.1490462791722E-19
  0.9981869159839E+01   0.1420828184791E-19
  0.1016181504420E+02   0.1312217939884E-19
  0.1034500486221E+02   0.1189073829783E-19
  0.1053149709315E+02   0.1059638498975E-19
  0.1072135127053E+02   0.9233441831930E-20
  0.1091462800107E+02   0.7944456928583E-20
  0.1111138898407E+02   0.6813684481284E-20
  0.1131169703110E+02   0.5773064699096E-20
  0.1151561608607E+02   0.4765334743555E-20
  0.1172321124558E+02   0.3843424127263E-20
  0.1193454877980E+02   0.3042091034181E-20
  0.1214969615352E+02   0.2439367197225E-20
  0.1236872204777E+02   0.1961309586818E-20
  0.1259169638170E+02   0.1661365977891E-20
  0.1281869033490E+02   0.1516636310147E-20
  0.1304977637016E+02   0.1443719771478E-20
  0.1328502825655E+02   0.1518760015715E-20
  0.1352452109302E+02   0.1616234617983E-20
  0.1376833133233E+02   0.1734130883806E-20
  0.1401653680547E+02   0.1855352857353E-20
  0.1426921674654E+02   0.1945194337945E-20
  0.1452645181799E+02   0.2037624109980E-20
  0.1478832413640E+02   0.2163098124111E-20
  0.1505491729869E+02   0.2333783467011E-20
  0.1532631640881E+02   0.2700607519401E-20
  0.1560260810488E+02   0.3113978981793E-20
  0.1588388058689E+02   0.3582725458430E-20
  0.1617022364483E+02   0.3994380436930E-20
  0.1646172868737E+02   0.4347801718412E-20
  0.1675848877100E+02   0.4456231718366E-20
  0.1706059862980E+02   0.4463930668355E-20
  0.1736815470561E+02   0.4314494660136E-20
  0.1768125517889E+02   0.4083661551261E-20
  0.1800000000000E+02   0.3797402543588E-20
