           1
          50
  
  0.7500000000000E+01   0.5162675199723E-21
  0.7635204550477E+01   0.6388874926454E-21
  0.7772846470350E+01   0.8890242953703E-21
  0.7912969698744E+01   0.1343630331309E-20
  0.8055618966885E+01   0.2167430244663E-20
  0.8200839812382E+01   0.3580836199841E-20
  0.8348678593765E+01   0.5023093779283E-20
  0.8499182505278E+01   0.6573720009018E-20
  0.8652399591951E+01   0.8251537622704E-20
  0.8808378764935E+01   0.1008549469436E-19
  0.8967169817114E+01   0.1190576066689E-19
  0.9128823439004E+01   0.1313394342961E-19
  0.9293391234931E+01   0.1349302074073E-19
  0.9460925739508E+01   0.1292781649104E-19
  0.9631480434402E+01   0.1176477612782E-19
  0.9805109765411E+01   0.1048657260558E-19
  0.9981869159839E+01   0.9257326304960E-20
  0.1016181504420E+02   0.8144179969695E-20
  0.1034500486221E+02   0.7140151936840E-20
  0.1053149709315E+02   0.6170837992361E-20
  0.1072135127053E+02   0.5296891116343E-20
  0.1091462800107E+02   0.4508959158314E-20
  0.1111138898407E+02   0.3797491241279E-20
  0.1131169703110E+02   0.3152831404523E-20
  0.1151561608607E+02   0.2554944347504E-20
  0.1172321124558E+02   0.1990672613716E-20
  0.1193454877980E+02   0.1532538250868E-20
  0.1214969615352E+02   0.1315925756419E-20
  0.1236872204777E+02   0.1179001040919E-20
  0.1259169638170E+02   0.1092291728496E-20
  0.1281869033490E+02   0.1064398064419E-20
  0.1304977637016E+02   0.1049643269678E-20
  0.1328502825655E+02   0.1065611812445E-20
  0.1352452109302E+02   0.1083761717593E-20
  0.1376833133233E+02   0.1098478073395E-20
  0.1401653680547E+02   0.1113470218534E-20
  0.1426921674654E+02   0.1134478911018E-20
  0.1452645181799E+02   0.1153314751500E-20
  0.1478832413640E+02   0.1154090831177E-20
  0.1505491729869E+02   0.1180919426911E-20
  0.1532631640881E+02   0.1321720242462E-20
  0.1560260810488E+02   0.1487857218949E-20
  0.1588388058689E+02   0.1694679236286E-20
  0.1617022364483E+02   0.1935786979476E-20
  0.1646172868737E+02   0.2214961995392E-20
  0.1675848877100E+02   0.2427915998100E-20
  0.1706059862980E+02   0.2613583589442E-20
  0.1736815470561E+02   0.2713393102725E-20
  0.1768125517889E+02   0.2740255326677E-20
  0.1800000000000E+02   0.2689110146732E-20
