           1
          50
  
  0.7500000000000E+01   0.3207711030657E-21
  0.7635204550477E+01   0.3101565545533E-21
  0.7772846470350E+01   0.2999144905413E-21
  0.7912969698744E+01   0.2900074191136E-21
  0.8055618966885E+01   0.2804260755437E-21
  0.8200839812382E+01   0.2711755622511E-21
  0.8348678593765E+01   0.2621883167149E-21
  0.8499182505278E+01   0.2534960306315E-21
  0.8652399591951E+01   0.2450606174686E-21
  0.8808378764935E+01   0.2368680189117E-21
  0.8967169817114E+01   0.2289605786532E-21
  0.9128823439004E+01   0.2213586850433E-21
  0.9293391234931E+01   0.2139774121709E-21
  0.9460925739508E+01   0.2068329599630E-21
  0.9631480434402E+01   0.1999448396548E-21
  0.9805109765411E+01   0.1932572942077E-21
  0.9981869159839E+01   0.1867896910804E-21
  0.1016181504420E+02   0.1805581231483E-21
  0.1034500486221E+02   0.1745116736197E-21
  0.1053149709315E+02   0.1686646120010E-21
  0.1072135127053E+02   0.1630331382495E-21
  0.1091462800107E+02   0.1575671063389E-21
  0.1111138898407E+02   0.1522787930202E-21
  0.1131169703110E+02   0.1471893424213E-21
  0.1151561608607E+02   0.1422505262129E-21
  0.1172321124558E+02   0.1374710790892E-21
  0.1193454877980E+02   0.1328683054419E-21
  0.1214969615352E+02   0.1284002562145E-21
  0.1236872204777E+02   0.1240763093019E-21
  0.1259169638170E+02   0.1199177111257E-21
  0.1281869033490E+02   0.1158821949834E-21
  0.1304977637016E+02   0.1119759776237E-21
  0.1328502825655E+02   0.1082208632910E-21
  0.1352452109302E+02   0.1045778781653E-21
  0.1376833133233E+02   0.1010556021937E-21
  0.1401653680547E+02   0.9767212476990E-22
  0.1426921674654E+02   0.9438918472349E-22
  0.1452645181799E+02   0.9121041471360E-22
  0.1478832413640E+02   0.8815806197593E-22
  0.1505491729869E+02   0.8520115202051E-22
  0.1532631640881E+02   0.8234003679339E-22
  0.1560260810488E+02   0.7959503725584E-22
  0.1588388058689E+02   0.7693419188202E-22
  0.1617022364483E+02   0.7435901577225E-22
  0.1646172868737E+02   0.7189024065921E-22
  0.1675848877100E+02   0.6949746294041E-22
  0.1706059862980E+02   0.6718030312107E-22
  0.1736815470561E+02   0.6494943366982E-22
  0.1768125517889E+02   0.6278703978347E-22
  0.1800000000000E+02   0.6068558361491E-22
