           1
         100
  
  0.7500000000000E+01   0.3394827361140E-21
  0.7566617508328E+01   0.3355074924320E-21
  0.7633826735645E+01   0.3315792718515E-21
  0.7701632937796E+01   0.3277574587578E-21
  0.7770041417312E+01   0.3248258740708E-21
  0.7839057523823E+01   0.3243009372681E-21
  0.7908686654473E+01   0.3239031148872E-21
  0.7978934254348E+01   0.3236246666111E-21
  0.8049805816900E+01   0.3234129291023E-21
  0.8121306884373E+01   0.3232719031711E-21
  0.8193443048240E+01   0.3209367217027E-21
  0.8266219949640E+01   0.3186481927615E-21
  0.8339643279818E+01   0.3164524848384E-21
  0.8413718780571E+01   0.3143507531112E-21
  0.8488452244695E+01   0.3122915972875E-21
  0.8563849516442E+01   0.3084615890668E-21
  0.8639916491973E+01   0.3042041997529E-21
  0.8716659119821E+01   0.2999738979287E-21
  0.8794083401355E+01   0.2958105680390E-21
  0.8872195391252E+01   0.2917224365677E-21
  0.8951001197967E+01   0.2898205666431E-21
  0.9030506984213E+01   0.2897465515899E-21
  0.9110718967443E+01   0.2897595456208E-21
  0.9191643420335E+01   0.2898087203962E-21
  0.9273286671282E+01   0.2899256610322E-21
  0.9355655104889E+01   0.2898160338273E-21
  0.9438755162471E+01   0.2890774237320E-21
  0.9522593342556E+01   0.2883956202919E-21
  0.9607176201396E+01   0.2877865270003E-21
  0.9692510353477E+01   0.2872005812349E-21
  0.9778602472036E+01   0.2864254649286E-21
  0.9865459289585E+01   0.2831242955152E-21
  0.9953087598436E+01   0.2798410321467E-21
  0.1004149425123E+02   0.2766004361840E-21
  0.1013068616149E+02   0.2734234324901E-21
  0.1022067030412E+02   0.2702629602069E-21
  0.1031145371600E+02   0.2638037815029E-21
  0.1040304349650E+02   0.2568208792687E-21
  0.1049544680807E+02   0.2498564977175E-21
  0.1058867087676E+02   0.2429325700649E-21
  0.1068272299280E+02   0.2360748647883E-21
  0.1077761051119E+02   0.2310556219516E-21
  0.1087334085226E+02   0.2272041317491E-21
  0.1096992150223E+02   0.2234171881259E-21
  0.1106736001383E+02   0.2196502513794E-21
  0.1116566400688E+02   0.2159197322192E-21
  0.1126484116888E+02   0.2154342322132E-21
  0.1136489925560E+02   0.2200741582861E-21
  0.1146584609170E+02   0.2247112189982E-21
  0.1156768957137E+02   0.2293703878714E-21
  0.1167043765888E+02   0.2340059957728E-21
  0.1177409838928E+02   0.2383445175981E-21
  0.1187867986894E+02   0.2410821207748E-21
  0.1198419027629E+02   0.2437984720912E-21
  0.1209063786236E+02   0.2465028594119E-21
  0.1219803095149E+02   0.2492226472437E-21
  0.1230637794196E+02   0.2519149485574E-21
  0.1241568730663E+02   0.2504493249199E-21
  0.1252596759363E+02   0.2486392433013E-21
  0.1263722742703E+02   0.2468291806105E-21
  0.1274947550748E+02   0.2450272762830E-21
  0.1286272061292E+02   0.2432637200632E-21
  0.1297697159926E+02   0.2380218087112E-21
  0.1309223740107E+02   0.2311944625221E-21
  0.1320852703228E+02   0.2244459050203E-21
  0.1332584958689E+02   0.2177394730340E-21
  0.1344421423967E+02   0.2110824261130E-21
  0.1356363024688E+02   0.2059389776359E-21
  0.1368410694701E+02   0.2025863939948E-21
  0.1380565376147E+02   0.1992549279897E-21
  0.1392828019540E+02   0.1959762762015E-21
  0.1405199583832E+02   0.1927143557877E-21
  0.1417681036495E+02   0.1897668910596E-21
  0.1430273353596E+02   0.1879426525336E-21
  0.1442977519869E+02   0.1861211643896E-21
  0.1455794528795E+02   0.1843055232105E-21
  0.1468725382681E+02   0.1825271569531E-21
  0.1481771092736E+02   0.1807513892955E-21
  0.1494932679151E+02   0.1784458779805E-21
  0.1508211171178E+02   0.1761725339407E-21
  0.1521607607212E+02   0.1739088199027E-21
  0.1535123034871E+02   0.1716561749796E-21
  0.1548758511079E+02   0.1694459898789E-21
  0.1562515102147E+02   0.1683471616903E-21
  0.1576393883858E+02   0.1676159357092E-21
  0.1590395941549E+02   0.1669057990016E-21
  0.1604522370200E+02   0.1661848126031E-21
  0.1618774274515E+02   0.1654528066052E-21
  0.1633152769010E+02   0.1647841419968E-21
  0.1647658978102E+02   0.1641446761271E-21
  0.1662294036195E+02   0.1634923706946E-21
  0.1677059087768E+02   0.1628559247760E-21
  0.1691955287467E+02   0.1622067308536E-21
  0.1706983800195E+02   0.1614793123242E-21
  0.1722145801198E+02   0.1605996598827E-21
  0.1737442476165E+02   0.1597112027780E-21
  0.1752875021315E+02   0.1588129447516E-21
  0.1768444643492E+02   0.1579298329847E-21
  0.1784152560261E+02   0.1570066278665E-21
  0.1800000000000E+02   0.1554061203351E-21
