           1
         100
  
  0.7500000000000E+01   0.3362822097682E-21
  0.7566617508328E+01   0.3314713589141E-21
  0.7633826735645E+01   0.3267127701388E-21
  0.7701632937796E+01   0.3220656481631E-21
  0.7770041417312E+01   0.3175576833755E-21
  0.7839057523823E+01   0.3132110716065E-21
  0.7908686654473E+01   0.3089689536920E-21
  0.7978934254348E+01   0.3048256107548E-21
  0.8049805816900E+01   0.3007296449876E-21
  0.8121306884373E+01   0.2967341564162E-21
  0.8193443048240E+01   0.2929524474166E-21
  0.8266219949640E+01   0.2892175045244E-21
  0.8339643279818E+01   0.2855764068233E-21
  0.8413718780571E+01   0.2820303218553E-21
  0.8488452244695E+01   0.2785286912815E-21
  0.8563849516442E+01   0.2751272507947E-21
  0.8639916491973E+01   0.2718243655578E-21
  0.8716659119821E+01   0.2685656737185E-21
  0.8794083401355E+01   0.2653909373474E-21
  0.8872195391252E+01   0.2623086261669E-21
  0.8951001197967E+01   0.2592313095864E-21
  0.9030506984213E+01   0.2562016944961E-21
  0.9110718967443E+01   0.2532614931445E-21
  0.9191643420335E+01   0.2503605360814E-21
  0.9273286671282E+01   0.2475316130328E-21
  0.9355655104889E+01   0.2447583236949E-21
  0.9438755162471E+01   0.2419539916318E-21
  0.9522593342556E+01   0.2392130057926E-21
  0.9607176201396E+01   0.2365519414422E-21
  0.9692510353477E+01   0.2339220600467E-21
  0.9778602472036E+01   0.2313346932190E-21
  0.9865459289585E+01   0.2286505244243E-21
  0.9953087598436E+01   0.2259922905414E-21
  0.1004149425123E+02   0.2233844054422E-21
  0.1013068616149E+02   0.2208480318748E-21
  0.1022067030412E+02   0.2183354710046E-21
  0.1031145371600E+02   0.2155764834923E-21
  0.1040304349650E+02   0.2128347113251E-21
  0.1049544680807E+02   0.2101155040464E-21
  0.1058867087676E+02   0.2074384398190E-21
  0.1068272299280E+02   0.2048280973129E-21
  0.1077761051119E+02   0.2020331133596E-21
  0.1087334085226E+02   0.1991495277383E-21
  0.1096992150223E+02   0.1963306667820E-21
  0.1106736001383E+02   0.1935318324123E-21
  0.1116566400688E+02   0.1907689269594E-21
  0.1126484116888E+02   0.1879957013104E-21
  0.1136489925560E+02   0.1851210059625E-21
  0.1146584609170E+02   0.1822756839611E-21
  0.1156768957137E+02   0.1794875776511E-21
  0.1167043765888E+02   0.1767138704082E-21
  0.1177409838928E+02   0.1739171568445E-21
  0.1187867986894E+02   0.1708885486585E-21
  0.1198419027629E+02   0.1678712099706E-21
  0.1209063786236E+02   0.1648764835267E-21
  0.1219803095149E+02   0.1619339661017E-21
  0.1230637794196E+02   0.1590029548763E-21
  0.1241568730663E+02   0.1557734896554E-21
  0.1252596759363E+02   0.1525661313241E-21
  0.1263722742703E+02   0.1493705746196E-21
  0.1274947550748E+02   0.1461956106461E-21
  0.1286272061292E+02   0.1430723150158E-21
  0.1297697159926E+02   0.1406227899495E-21
  0.1309223740107E+02   0.1385023908407E-21
  0.1320852703228E+02   0.1364327187383E-21
  0.1332584958689E+02   0.1343755365318E-21
  0.1344421423967E+02   0.1323364701097E-21
  0.1356363024688E+02   0.1311439273565E-21
  0.1368410694701E+02   0.1309446025872E-21
  0.1380565376147E+02   0.1307577489052E-21
  0.1392828019540E+02   0.1306138432533E-21
  0.1405199583832E+02   0.1304755483956E-21
  0.1417681036495E+02   0.1302460966562E-21
  0.1430273353596E+02   0.1296894830003E-21
  0.1442977519869E+02   0.1291377684415E-21
  0.1455794528795E+02   0.1285933443534E-21
  0.1468725382681E+02   0.1280870654746E-21
  0.1481771092736E+02   0.1275836341825E-21
  0.1494932679151E+02   0.1263398938684E-21
  0.1508211171178E+02   0.1251206062128E-21
  0.1521607607212E+02   0.1239070653558E-21
  0.1535123034871E+02   0.1227004912773E-21
  0.1548758511079E+02   0.1215318216230E-21
  0.1562515102147E+02   0.1186782073004E-21
  0.1576393883858E+02   0.1152689359500E-21
  0.1590395941549E+02   0.1119121244754E-21
  0.1604522370200E+02   0.1085767043933E-21
  0.1618774274515E+02   0.1052633447644E-21
  0.1633152769010E+02   0.1024901081164E-21
  0.1647658978102E+02   0.1001973281185E-21
  0.1662294036195E+02   0.9792042719479E-22
  0.1677059087768E+02   0.9568856715290E-22
  0.1691955287467E+02   0.9347340079427E-22
  0.1706983800195E+02   0.9173704366866E-22
  0.1722145801198E+02   0.9123070988958E-22
  0.1737442476165E+02   0.9072536095978E-22
  0.1752875021315E+02   0.9021976346259E-22
  0.1768444643492E+02   0.8973869910716E-22
  0.1784152560261E+02   0.8941358288416E-22
  0.1800000000000E+02   0.9238192399237E-22
